<?xml version="1.0" encoding="UTF-8"?>
<!-- Generated by org.testng.reporters.JUnitReportReporter -->
<testsuite hostname="LAPTOP-5KMO2G2N" failures="0" tests="1" name="org.test.Scenario2_Test" time="56.740" errors="0" timestamp="04 Jun 2023 12:32:20 GMT" skipped="0">
  <testcase classname="org.test.Scenario2_Test" name="verifyFlipkartSearchFunctionality" time="56.740"/>
</testsuite> <!-- org.test.Scenario2_Test -->
